Build started 2/3/2015 11:33:27 PM.
     1>Project "C:\Users\Matt\Desktop\NSM\NetworkMonitor\Network Monitor\Network Monitor.vcxproj" on node 2 (Build target(s)).
     1>ClCompile:
         C:\Program Files (x86)\Microsoft Visual Studio 12.0\VC\bin\CL.exe /c /ZI /nologo /W3 /WX- /Od /Oy- /D WIN32 /D _DEBUG /D _WINDOWS /D _UNICODE /D UNICODE /Gm /EHsc /RTC1 /MD /GS /fp:precise /Zc:wchar_t /Zc:forScope /Fo"Debug\\" /Fd"Debug\vc120.pdb" /Gd /TP /analyze- /errorReport:prompt main.cpp
         main.cpp
     1>c:\users\matt\desktop\nsm\networkmonitor\network monitor\tcptableaccess.h(47): warning C4351: new behavior: elements of array 'TcpTableAccess::currentConnectionStatusNums' will be default initialized
     1>c:\users\matt\desktop\nsm\networkmonitor\network monitor\tcptablecelldisplay.h(97): warning C4996: 'sprintf': This function or variable may be unsafe. Consider using sprintf_s instead. To disable deprecation, use _CRT_SECURE_NO_WARNINGS. See online help for details.
                 c:\program files (x86)\microsoft visual studio 12.0\vc\include\stdio.h(356) : see declaration of 'sprintf'
     1>c:\users\matt\desktop\nsm\networkmonitor\network monitor\tcptablecelldisplay.h(101): warning C4996: 'sprintf': This function or variable may be unsafe. Consider using sprintf_s instead. To disable deprecation, use _CRT_SECURE_NO_WARNINGS. See online help for details.
                 c:\program files (x86)\microsoft visual studio 12.0\vc\include\stdio.h(356) : see declaration of 'sprintf'
     1>c:\users\matt\desktop\nsm\networkmonitor\network monitor\reversednscelldisplay.h(87): warning C4996: 'sprintf': This function or variable may be unsafe. Consider using sprintf_s instead. To disable deprecation, use _CRT_SECURE_NO_WARNINGS. See online help for details.
                 c:\program files (x86)\microsoft visual studio 12.0\vc\include\stdio.h(356) : see declaration of 'sprintf'
     1>c:\users\matt\desktop\nsm\networkmonitor\network monitor\reversednscelldisplay.h(91): warning C4996: 'sprintf': This function or variable may be unsafe. Consider using sprintf_s instead. To disable deprecation, use _CRT_SECURE_NO_WARNINGS. See online help for details.
                 c:\program files (x86)\microsoft visual studio 12.0\vc\include\stdio.h(356) : see declaration of 'sprintf'
     1>c:\users\matt\desktop\nsm\networkmonitor\network monitor\udptableaccess.h(41): warning C4351: new behavior: elements of array 'UdpTableAccess::currentConnectionStatusNums' will be default initialized
     1>c:\users\matt\desktop\nsm\networkmonitor\network monitor\udptablecelldisplay.h(90): warning C4996: 'sprintf': This function or variable may be unsafe. Consider using sprintf_s instead. To disable deprecation, use _CRT_SECURE_NO_WARNINGS. See online help for details.
                 c:\program files (x86)\microsoft visual studio 12.0\vc\include\stdio.h(356) : see declaration of 'sprintf'
     1>c:\users\matt\desktop\nsm\networkmonitor\network monitor\udptablecelldisplay.h(94): warning C4996: 'sprintf': This function or variable may be unsafe. Consider using sprintf_s instead. To disable deprecation, use _CRT_SECURE_NO_WARNINGS. See online help for details.
                 c:\program files (x86)\microsoft visual studio 12.0\vc\include\stdio.h(356) : see declaration of 'sprintf'
       Link:
         C:\Program Files (x86)\Microsoft Visual Studio 12.0\VC\bin\link.exe /ERRORREPORT:PROMPT /OUT:"C:\Users\Matt\Desktop\NSM\NetworkMonitor\Debug\Network Monitor.exe" /INCREMENTAL /NOLOGO fltk.lib fltkimages.lib fltkjpeg.lib fltkpng.lib fltkzlib.lib kernel32.lib user32.lib gdi32.lib winspool.lib comdlg32.lib advapi32.lib shell32.lib ole32.lib oleaut32.lib uuid.lib odbc32.lib odbccp32.lib /NODEFAULTLIB:libcd.lib /MANIFEST /MANIFESTUAC:"level='asInvoker' uiAccess='false'" /manifest:embed /DEBUG /PDB:"C:\Users\Matt\Desktop\NSM\NetworkMonitor\Debug\Network Monitor.pdb" /SUBSYSTEM:CONSOLE /TLBID:1 /DYNAMICBASE /NXCOMPAT /IMPLIB:"C:\Users\Matt\Desktop\NSM\NetworkMonitor\Debug\Network Monitor.lib" /MACHINE:X86 "Debug\Network Monitor.res"
         Debug\main.obj
         Debug\reverseDnsLookup.obj
         Debug\tcpTableAccess.obj
         Debug\udpTableAccess.obj
         Debug\wfStatusAccess.obj
     1>reverseDnsLookup.obj : error LNK2005: "public: virtual __thiscall TCPTable::~TCPTable(void)" (??1TCPTable@@UAE@XZ) already defined in main.obj
     1>reverseDnsLookup.obj : error LNK2005: "private: void __thiscall TCPTable::fillDataArray(void)" (?fillDataArray@TCPTable@@AAEXXZ) already defined in main.obj
     1>reverseDnsLookup.obj : error LNK2005: "public: int __thiscall TCPTable::getCopyTableSize(void)" (?getCopyTableSize@TCPTable@@QAEHXZ) already defined in main.obj
     1>reverseDnsLookup.obj : error LNK2005: "public: class std::basic_string<char,struct std::char_traits<char>,class std::allocator<char> > * * __thiscall TCPTable::getDataTable(void)" (?getDataTable@TCPTable@@QAEPAPAV?$basic_string@DU?$char_traits@D@std@@V?$allocator@D@2@@std@@XZ) already defined in main.obj
     1>reverseDnsLookup.obj : error LNK2005: "public: int __thiscall TCPTable::getDataTableSize(void)" (?getDataTableSize@TCPTable@@QAEHXZ) already defined in main.obj
     1>reverseDnsLookup.obj : error LNK2005: "public: int __thiscall TCPTable::getDrawState(void)" (?getDrawState@TCPTable@@QAEHXZ) already defined in main.obj
     1>reverseDnsLookup.obj : error LNK2005: "public: class std::basic_string<char,struct std::char_traits<char>,class std::allocator<char> > * * __thiscall TCPTable::getTableCopy(void)" (?getTableCopy@TCPTable@@QAEPAPAV?$basic_string@DU?$char_traits@D@std@@V?$allocator@D@2@@std@@XZ) already defined in main.obj
     1>reverseDnsLookup.obj : error LNK2005: "public: class TcpTableAccess * __thiscall TCPTable::getTcpObject(void)" (?getTcpObject@TCPTable@@QAEPAVTcpTableAccess@@XZ) already defined in main.obj
     1>reverseDnsLookup.obj : error LNK2005: "public: void __thiscall TCPTable::redrawTable(class TCPTable *)" (?redrawTable@TCPTable@@QAEXPAV1@@Z) already defined in main.obj
     1>reverseDnsLookup.obj : error LNK2005: "public: void __thiscall TCPTable::updateCells(void)" (?updateCells@TCPTable@@QAEXXZ) already defined in main.obj
     1>C:\Users\Matt\Desktop\NSM\NetworkMonitor\Debug\Network Monitor.exe : fatal error LNK1169: one or more multiply defined symbols found
     1>Done Building Project "C:\Users\Matt\Desktop\NSM\NetworkMonitor\Network Monitor\Network Monitor.vcxproj" (Build target(s)) -- FAILED.

Build FAILED.

Time Elapsed 00:00:01.49
